{"/home/francisco/ProyectosDev/templateChallenge/thirdlove/tl-challenge/src/App.tsx": {"path":"/home/francisco/ProyectosDev/templateChallenge/thirdlove/tl-challenge/src/App.tsx","statementMap":{"0":{"start":{"line":7,"column":25},"end":{"line":11,"column":1}},"1":{"start":{"line":13,"column":25},"end":{"line":17,"column":1}},"2":{"start":{"line":19,"column":27},"end":{"line":23,"column":1}},"3":{"start":{"line":26,"column":36},"end":{"line":26,"column":38}},"4":{"start":{"line":27,"column":36},"end":{"line":27,"column":58}},"5":{"start":{"line":29,"column":19},"end":{"line":29,"column":79}},"6":{"start":{"line":29,"column":55},"end":{"line":29,"column":75}},"7":{"start":{"line":32,"column":41},"end":{"line":37,"column":3}},"8":{"start":{"line":39,"column":24},"end":{"line":43,"column":6}},"9":{"start":{"line":42,"column":6},"end":{"line":42,"column":41}},"10":{"start":{"line":44,"column":16},"end":{"line":44,"column":65}},"11":{"start":{"line":45,"column":21},"end":{"line":48,"column":6}},"12":{"start":{"line":45,"column":42},"end":{"line":48,"column":6}},"13":{"start":{"line":46,"column":4},"end":{"line":48,"column":6}},"14":{"start":{"line":47,"column":6},"end":{"line":47,"column":29}},"15":{"start":{"line":49,"column":2},"end":{"line":70,"column":4}}},"fnMap":{"0":{"name":"App","decl":{"start":{"line":25,"column":9},"end":{"line":25,"column":12}},"loc":{"start":{"line":25,"column":15},"end":{"line":71,"column":1}},"line":25},"1":{"name":"(anonymous_1)","decl":{"start":{"line":29,"column":36},"end":{"line":29,"column":37}},"loc":{"start":{"line":29,"column":55},"end":{"line":29,"column":75}},"line":29},"2":{"name":"(anonymous_2)","decl":{"start":{"line":41,"column":10},"end":{"line":41,"column":11}},"loc":{"start":{"line":41,"column":26},"end":{"line":43,"column":5}},"line":41},"3":{"name":"(anonymous_3)","decl":{"start":{"line":45,"column":21},"end":{"line":45,"column":22}},"loc":{"start":{"line":45,"column":42},"end":{"line":48,"column":6}},"line":45},"4":{"name":"(anonymous_4)","decl":{"start":{"line":45,"column":42},"end":{"line":45,"column":43}},"loc":{"start":{"line":46,"column":4},"end":{"line":48,"column":6}},"line":46},"5":{"name":"(anonymous_5)","decl":{"start":{"line":46,"column":17},"end":{"line":46,"column":18}},"loc":{"start":{"line":46,"column":27},"end":{"line":48,"column":5}},"line":46}},"branchMap":{"0":{"loc":{"start":{"line":44,"column":28},"end":{"line":44,"column":64}},"type":"cond-expr","locations":[{"start":{"line":44,"column":44},"end":{"line":44,"column":60}},{"start":{"line":44,"column":63},"end":{"line":44,"column":64}}],"line":44}},"s":{"0":0,"1":0,"2":0,"3":0,"4":0,"5":0,"6":0,"7":0,"8":0,"9":0,"10":0,"11":0,"12":0,"13":0,"14":0,"15":0},"f":{"0":0,"1":0,"2":0,"3":0,"4":0,"5":0},"b":{"0":[0,0]}}
,"/home/francisco/ProyectosDev/templateChallenge/thirdlove/tl-challenge/src/components/CartItem/index.tsx": {"path":"/home/francisco/ProyectosDev/templateChallenge/thirdlove/tl-challenge/src/components/CartItem/index.tsx","statementMap":{"0":{"start":{"line":8,"column":57},"end":{"line":12,"column":1}},"1":{"start":{"line":9,"column":2},"end":{"line":11,"column":4}}},"fnMap":{"0":{"name":"(anonymous_0)","decl":{"start":{"line":8,"column":57},"end":{"line":8,"column":58}},"loc":{"start":{"line":8,"column":75},"end":{"line":12,"column":1}},"line":8}},"branchMap":{},"s":{"0":0,"1":0},"f":{"0":0},"b":{}}
,"/home/francisco/ProyectosDev/templateChallenge/thirdlove/tl-challenge/src/components/DiscountProgressBar/DiscountProgressBar.tsx": {"path":"/home/francisco/ProyectosDev/templateChallenge/thirdlove/tl-challenge/src/components/DiscountProgressBar/DiscountProgressBar.tsx","statementMap":{"0":{"start":{"line":13,"column":77},"end":{"line":44,"column":1}},"1":{"start":{"line":20,"column":19},"end":{"line":20,"column":79}},"2":{"start":{"line":20,"column":55},"end":{"line":20,"column":75}},"3":{"start":{"line":22,"column":43},"end":{"line":22,"column":72}},"4":{"start":{"line":24,"column":2},"end":{"line":43,"column":4}},"5":{"start":{"line":27,"column":8},"end":{"line":33,"column":10}},"6":{"start":{"line":36,"column":8},"end":{"line":40,"column":10}}},"fnMap":{"0":{"name":"(anonymous_0)","decl":{"start":{"line":13,"column":77},"end":{"line":13,"column":78}},"loc":{"start":{"line":17,"column":6},"end":{"line":44,"column":1}},"line":17},"1":{"name":"(anonymous_1)","decl":{"start":{"line":20,"column":36},"end":{"line":20,"column":37}},"loc":{"start":{"line":20,"column":55},"end":{"line":20,"column":75}},"line":20},"2":{"name":"(anonymous_2)","decl":{"start":{"line":26,"column":28},"end":{"line":26,"column":29}},"loc":{"start":{"line":26,"column":45},"end":{"line":34,"column":7}},"line":26},"3":{"name":"(anonymous_3)","decl":{"start":{"line":35,"column":28},"end":{"line":35,"column":29}},"loc":{"start":{"line":35,"column":45},"end":{"line":41,"column":7}},"line":35}},"branchMap":{},"s":{"0":0,"1":0,"2":0,"3":0,"4":0,"5":0,"6":0},"f":{"0":0,"1":0,"2":0,"3":0},"b":{}}
,"/home/francisco/ProyectosDev/templateChallenge/thirdlove/tl-challenge/src/components/DiscountProgressBar/processData.ts": {"path":"/home/francisco/ProyectosDev/templateChallenge/thirdlove/tl-challenge/src/components/DiscountProgressBar/processData.ts","statementMap":{"0":{"start":{"line":3,"column":27},"end":{"line":44,"column":1}},"1":{"start":{"line":7,"column":18},"end":{"line":7,"column":19}},"2":{"start":{"line":8,"column":14},"end":{"line":8,"column":22}},"3":{"start":{"line":10,"column":2},"end":{"line":43,"column":5}},"4":{"start":{"line":11,"column":18},"end":{"line":11,"column":39}},"5":{"start":{"line":15,"column":4},"end":{"line":42,"column":5}},"6":{"start":{"line":19,"column":6},"end":{"line":19,"column":24}},"7":{"start":{"line":21,"column":6},"end":{"line":26,"column":8}},"8":{"start":{"line":30,"column":22},"end":{"line":32,"column":7}},"9":{"start":{"line":34,"column":6},"end":{"line":34,"column":27}},"10":{"start":{"line":36,"column":6},"end":{"line":41,"column":8}}},"fnMap":{"0":{"name":"(anonymous_0)","decl":{"start":{"line":3,"column":27},"end":{"line":3,"column":28}},"loc":{"start":{"line":6,"column":21},"end":{"line":44,"column":1}},"line":6},"1":{"name":"(anonymous_1)","decl":{"start":{"line":10,"column":36},"end":{"line":10,"column":37}},"loc":{"start":{"line":10,"column":72},"end":{"line":43,"column":3}},"line":10}},"branchMap":{"0":{"loc":{"start":{"line":15,"column":4},"end":{"line":42,"column":5}},"type":"if","locations":[{"start":{"line":15,"column":4},"end":{"line":42,"column":5}},{"start":{"line":27,"column":11},"end":{"line":42,"column":5}}],"line":15}},"s":{"0":1,"1":6,"2":6,"3":6,"4":10,"5":10,"6":7,"7":7,"8":3,"9":3,"10":3},"f":{"0":6,"1":10},"b":{"0":[7,3]},"_coverageSchema":"1a1c01bbd47fc00a2c39e90264f33305004495a9","hash":"b66075133a81507109fa194f854e46dc274372d9"}
,"/home/francisco/ProyectosDev/templateChallenge/thirdlove/tl-challenge/src/types/index.ts": {"path":"/home/francisco/ProyectosDev/templateChallenge/thirdlove/tl-challenge/src/types/index.ts","statementMap":{},"fnMap":{},"branchMap":{},"s":{},"f":{},"b":{}}
}
