TN:
SF:src/App.tsx
FN:25,App
FN:29,(anonymous_1)
FN:41,(anonymous_2)
FN:45,(anonymous_3)
FN:45,(anonymous_4)
FN:46,(anonymous_5)
FNF:6
FNH:0
FNDA:0,App
FNDA:0,(anonymous_1)
FNDA:0,(anonymous_2)
FNDA:0,(anonymous_3)
FNDA:0,(anonymous_4)
FNDA:0,(anonymous_5)
DA:7,0
DA:13,0
DA:19,0
DA:26,0
DA:27,0
DA:29,0
DA:32,0
DA:39,0
DA:42,0
DA:44,0
DA:45,0
DA:46,0
DA:47,0
DA:49,0
LF:14
LH:0
BRDA:44,0,0,0
BRDA:44,0,1,0
BRF:2
BRH:0
end_of_record
TN:
SF:src/components/CartItem/index.tsx
FN:8,(anonymous_0)
FNF:1
FNH:0
FNDA:0,(anonymous_0)
DA:8,0
DA:9,0
LF:2
LH:0
BRF:0
BRH:0
end_of_record
TN:
SF:src/components/DiscountProgressBar/DiscountProgressBar.tsx
FN:13,(anonymous_0)
FN:20,(anonymous_1)
FN:26,(anonymous_2)
FN:35,(anonymous_3)
FNF:4
FNH:0
FNDA:0,(anonymous_0)
FNDA:0,(anonymous_1)
FNDA:0,(anonymous_2)
FNDA:0,(anonymous_3)
DA:13,0
DA:20,0
DA:22,0
DA:24,0
DA:27,0
DA:36,0
LF:6
LH:0
BRF:0
BRH:0
end_of_record
TN:
SF:src/components/DiscountProgressBar/processData.ts
FN:3,(anonymous_0)
FN:10,(anonymous_1)
FNF:2
FNH:2
FNDA:6,(anonymous_0)
FNDA:10,(anonymous_1)
DA:3,1
DA:7,6
DA:8,6
DA:10,6
DA:11,10
DA:15,10
DA:19,7
DA:21,7
DA:30,3
DA:34,3
DA:36,3
LF:11
LH:11
BRDA:15,0,0,7
BRDA:15,0,1,3
BRF:2
BRH:2
end_of_record
TN:
SF:src/types/index.ts
FNF:0
FNH:0
LF:0
LH:0
BRF:0
BRH:0
end_of_record
